<?xml version="1.0" encoding="UTF-8"?>
<!-- Generated by org.testng.reporters.JUnitReportReporter -->
<testsuite hostname="window" failures="0" tests="1" name="testNGannotation.ToUnderstandAnnotations" time="0.019" errors="0" timestamp="2025-03-08T11:36:13 IST" skipped="0">
  <testcase classname="testNGannotation.ToUnderstandAnnotations" name="test" time="0.019"/>
  <system-out>
    <![CDATA[This is @test ]]>
  </system-out>
</testsuite> <!-- testNGannotation.ToUnderstandAnnotations -->
