<?xml version="1.0" encoding="UTF-8"?>
<!-- Generated by org.testng.reporters.JUnitReportReporter -->
<testsuite hostname="window" failures="0" tests="1" name="testngExecution.LaunchFacebook" time="15.206" errors="0" timestamp="2025-03-16T21:40:09 IST" skipped="0">
  <testcase classname="testngExecution.LaunchFacebook" name="launchFacebook" time="15.206"/>
  <system-out/>
</testsuite> <!-- testngExecution.LaunchFacebook -->
