<?xml version="1.0" encoding="UTF-8"?>
<!-- Generated by org.testng.reporters.JUnitReportReporter -->
<testsuite hostname="window" failures="0" tests="1" name="testngExecution.LaunchTwitter" time="9.155" errors="0" timestamp="2025-03-16T21:40:09 IST" skipped="0">
  <testcase classname="testngExecution.LaunchTwitter" name="launchTwitter" time="9.155"/>
  <system-out/>
</testsuite> <!-- testngExecution.LaunchTwitter -->
