<?xml version="1.0" encoding="UTF-8"?>
<!-- Generated by org.testng.reporters.JUnitReportReporter -->
<testsuite hostname="window" failures="0" tests="3" name="testNGPackage.ToUnderstandInvocationCount" time="41.133" errors="0" timestamp="2025-03-04T11:01:13 IST" skipped="0">
  <testcase classname="testNGPackage.ToUnderstandInvocationCount" name="launchingJavaTPoint" time="30.531"/>
  <system-out/>
  <testcase classname="testNGPackage.ToUnderstandInvocationCount" name="launchingSelenium" time="4.946"/>
  <system-out/>
  <testcase classname="testNGPackage.ToUnderstandInvocationCount" name="launchingSelenium" time="5.656"/>
  <system-out/>
</testsuite> <!-- testNGPackage.ToUnderstandInvocationCount -->
