<?xml version="1.0" encoding="UTF-8"?>
<!-- Generated by org.testng.reporters.JUnitReportReporter -->
<testsuite hostname="window" failures="0" tests="2" name="testNGPackage.Demo" time="0.016" errors="0" timestamp="2025-03-03T12:10:51 IST" skipped="0">
  <testcase classname="testNGPackage.Demo" name="m2" time="0.013"/>
  <system-out>
    <![CDATA[f2()]]>
  </system-out>
  <testcase classname="testNGPackage.Demo" name="f" time="0.003"/>
  <system-out>
    <![CDATA[Hello Prajaka]]>
  </system-out>
</testsuite> <!-- testNGPackage.Demo -->
