<?xml version="1.0" encoding="UTF-8"?>
<!-- Generated by org.testng.reporters.JUnitReportReporter -->
<testsuite hostname="window" failures="0" tests="5" name="testNGPackage.ToUnderstandPriorityAttribute" time="0.030" errors="0" timestamp="2025-03-03T12:18:35 IST" skipped="0">
  <testcase classname="testNGPackage.ToUnderstandPriorityAttribute" name="register" time="0.014"/>
  <system-out>
    <![CDATA[This is register method]]>
  </system-out>
  <testcase classname="testNGPackage.ToUnderstandPriorityAttribute" name="logIn" time="0.003"/>
  <system-out>
    <![CDATA[This is Login method]]>
  </system-out>
  <testcase classname="testNGPackage.ToUnderstandPriorityAttribute" name="moneyTransfer" time="0.005"/>
  <system-out>
    <![CDATA[This is Check Account Balance method]]>
  </system-out>
  <testcase classname="testNGPackage.ToUnderstandPriorityAttribute" name="transfer" time="0.003"/>
  <system-out>
    <![CDATA[This is Money Transfe method]]>
  </system-out>
  <testcase classname="testNGPackage.ToUnderstandPriorityAttribute" name="logOut" time="0.005"/>
  <system-out>
    <![CDATA[This is LogOut method]]>
  </system-out>
</testsuite> <!-- testNGPackage.ToUnderstandPriorityAttribute -->
